08/09/2024 17:29 - Juan (68991) [Depósito] $1000.00
08/09/2024 17:29 - Juan (68991) [Retiro] $500.00
08/09/2024 17:29 - María (91511) [Depósito] $500.00
08/09/2024 17:29 - Juan (68991) [Transferencia] $500.00
08/09/2024 17:29 - María (91511) [Retiro] $200.00
08/09/2024 17:31 - Juan (68991) [Depósito] $1000.00
08/09/2024 17:31 - Juan (68991) [Retiro] $500.00
08/09/2024 17:31 - María (91511) [Depósito] $500.00
08/09/2024 17:31 - Juan (68991) [Transferencia] $500.00
08/09/2024 17:31 - María (91511) [Retiro] $200.00
08/09/2024 17:32 - Juan (68991) [Depósito] $1000.00
08/09/2024 17:32 - Juan (68991) [Retiro] $500.00
08/09/2024 17:32 - María (91511) [Depósito] $500.00
08/09/2024 17:32 - Juan (68991) [Transferencia] $500.00
08/09/2024 17:32 - María (91511) [Retiro] $200.00
08/09/2024 17:33 - Juan (68991) [Depósito] $1000.00
08/09/2024 17:33 - Juan (68991) [Retiro] $500.00
08/09/2024 17:33 - María (91511) [Depósito] $500.00
08/09/2024 17:33 - Juan (68991) [Transferencia] $500.00
08/09/2024 17:33 - María (91511) [Retiro] $200.00
08/09/2024 17:40 - Juan (68991) [Depósito] $1000.00
08/09/2024 17:40 - Juan (68991) [Retiro] $500.00
08/09/2024 17:40 - María (91511) [Depósito] $500.00
08/09/2024 17:40 - Juan (68991) [Transferencia] $500.00
08/09/2024 17:40 - María (91511) [Retiro] $200.00
